# JRE version: OpenJDK Runtime Environment (8.0_152-b01) (build 1.8.0_152-release-1248-b01)
# Java VM: OpenJDK 64-Bit Server VM (25.152-b01 mixed mode linux-amd64 compressed oops)
Heap:
 PSYoungGen      total 353280K, used 5071K [0x00000000e0000000, 0x00000000f7000000, 0x0000000100000000)
  eden space 329728K, 0% used [0x00000000e0000000,0x00000000e0000000,0x00000000f4200000)
  from space 23552K, 21% used [0x00000000f4200000,0x00000000f46f3d60,0x00000000f5900000)
  to   space 14848K, 0% used [0x00000000f6180000,0x00000000f6180000,0x00000000f7000000)
 ParOldGen       total 95744K, used 43835K [0x00000000a0000000, 0x00000000a5d80000, 0x00000000e0000000)
  object space 95744K, 45% used [0x00000000a0000000,0x00000000a2aceda8,0x00000000a5d80000)
 Metaspace       used 88325K, capacity 91982K, committed 92336K, reserved 1130496K
  class space    used 11356K, capacity 12098K, committed 12208K, reserved 1048576K
GC Heap History (10 events):
Event: 926,858 GC heap after
Heap after GC invocations=21 (full 3):
 PSYoungGen      total 239616K, used 17409K [0x00000000e0000000, 0x00000000f2d80000, 0x0000000100000000)
  eden space 212480K, 0% used [0x00000000e0000000,0x00000000e0000000,0x00000000ecf80000)
  from space 27136K, 64% used [0x00000000eea80000,0x00000000efb80530,0x00000000f0500000)
  to   space 27648K, 0% used [0x00000000ecf80000,0x00000000ecf80000,0x00000000eea80000)
 ParOldGen       total 95744K, used 29743K [0x00000000a0000000, 0x00000000a5d80000, 0x00000000e0000000)
  object space 95744K, 31% used [0x00000000a0000000,0x00000000a1d0bd10,0x00000000a5d80000)
 Metaspace       used 82932K, capacity 85888K, committed 86064K, reserved 1124352K
  class space    used 10881K, capacity 11565K, committed 11568K, reserved 1048576K
}
Event: 996,174 GC heap before
{Heap before GC invocations=22 (full 3):
 PSYoungGen      total 239616K, used 229889K [0x00000000e0000000, 0x00000000f2d80000, 0x0000000100000000)
  eden space 212480K, 100% used [0x00000000e0000000,0x00000000ecf80000,0x00000000ecf80000)
  from space 27136K, 64% used [0x00000000eea80000,0x00000000efb80530,0x00000000f0500000)
  to   space 27648K, 0% used [0x00000000ecf80000,0x00000000ecf80000,0x00000000eea80000)
 ParOldGen       total 95744K, used 29743K [0x00000000a0000000, 0x00000000a5d80000, 0x00000000e0000000)
  object space 95744K, 31% used [0x00000000a0000000,0x00000000a1d0bd10,0x00000000a5d80000)
 Metaspace       used 83616K, capacity 86748K, committed 86960K, reserved 1124352K
  class space    used 10942K, capacity 11645K, committed 11696K, reserved 1048576K
Event: 996,215 GC heap after
Heap after GC invocations=22 (full 3):
 PSYoungGen      total 240128K, used 9861K [0x00000000e0000000, 0x00000000f4100000, 0x0000000100000000)
  eden space 212480K, 0% used [0x00000000e0000000,0x00000000e0000000,0x00000000ecf80000)
  from space 27648K, 35% used [0x00000000ecf80000,0x00000000ed9216c0,0x00000000eea80000)
  to   space 26624K, 0% used [0x00000000f2700000,0x00000000f2700000,0x00000000f4100000)
 ParOldGen       total 95744K, used 32899K [0x00000000a0000000, 0x00000000a5d80000, 0x00000000e0000000)
  object space 95744K, 34% used [0x00000000a0000000,0x00000000a2020ef8,0x00000000a5d80000)
 Metaspace       used 83616K, capacity 86748K, committed 86960K, reserved 1124352K
  class space    used 10942K, capacity 11645K, committed 11696K, reserved 1048576K
}
Event: 1017,757 GC heap before
{Heap before GC invocations=23 (full 3):
 PSYoungGen      total 240128K, used 222077K [0x00000000e0000000, 0x00000000f4100000, 0x0000000100000000)
  eden space 212480K, 99% used [0x00000000e0000000,0x00000000ecf3e060,0x00000000ecf80000)
  from space 27648K, 35% used [0x00000000ecf80000,0x00000000ed9216c0,0x00000000eea80000)
  to   space 26624K, 0% used [0x00000000f2700000,0x00000000f2700000,0x00000000f4100000)
 ParOldGen       total 95744K, used 32899K [0x00000000a0000000, 0x00000000a5d80000, 0x00000000e0000000)
  object space 95744K, 34% used [0x00000000a0000000,0x00000000a2020ef8,0x00000000a5d80000)
 Metaspace       used 83776K, capacity 86896K, committed 86960K, reserved 1124352K
  class space    used 10943K, capacity 11647K, committed 11696K, reserved 1048576K
Event: 1017,804 GC heap after
Heap after GC invocations=23 (full 3):
 PSYoungGen      total 289792K, used 7282K [0x00000000e0000000, 0x00000000f3a00000, 0x0000000100000000)
  eden space 270336K, 0% used [0x00000000e0000000,0x00000000e0000000,0x00000000f0800000)
  from space 19456K, 37% used [0x00000000f2700000,0x00000000f2e1c990,0x00000000f3a00000)
  to   space 25600K, 0% used [0x00000000f0800000,0x00000000f0800000,0x00000000f2100000)
 ParOldGen       total 95744K, used 37707K [0x00000000a0000000, 0x00000000a5d80000, 0x00000000e0000000)
  object space 95744K, 39% used [0x00000000a0000000,0x00000000a24d2e88,0x00000000a5d80000)
 Metaspace       used 83776K, capacity 86896K, committed 86960K, reserved 1124352K
  class space    used 10943K, capacity 11647K, committed 11696K, reserved 1048576K
}
Event: 1369,273 GC heap before
{Heap before GC invocations=24 (full 3):
 PSYoungGen      total 289792K, used 277579K [0x00000000e0000000, 0x00000000f3a00000, 0x0000000100000000)
  eden space 270336K, 99% used [0x00000000e0000000,0x00000000f07f63d8,0x00000000f0800000)
  from space 19456K, 37% used [0x00000000f2700000,0x00000000f2e1c990,0x00000000f3a00000)
  to   space 25600K, 0% used [0x00000000f0800000,0x00000000f0800000,0x00000000f2100000)
 ParOldGen       total 95744K, used 37707K [0x00000000a0000000, 0x00000000a5d80000, 0x00000000e0000000)
  object space 95744K, 39% used [0x00000000a0000000,0x00000000a24d2e88,0x00000000a5d80000)
 Metaspace       used 85215K, capacity 88692K, committed 89008K, reserved 1126400K
  class space    used 11124K, capacity 11861K, committed 11952K, reserved 1048576K
Event: 1369,342 GC heap after
Heap after GC invocations=24 (full 3):
 PSYoungGen      total 295936K, used 6605K [0x00000000e0000000, 0x00000000f7a00000, 0x0000000100000000)
  eden space 270336K, 0% used [0x00000000e0000000,0x00000000e0000000,0x00000000f0800000)
  from space 25600K, 25% used [0x00000000f0800000,0x00000000f0e73440,0x00000000f2100000)
  to   space 25088K, 0% used [0x00000000f6180000,0x00000000f6180000,0x00000000f7a00000)
 ParOldGen       total 95744K, used 38420K [0x00000000a0000000, 0x00000000a5d80000, 0x00000000e0000000)
  object space 95744K, 40% used [0x00000000a0000000,0x00000000a25853c8,0x00000000a5d80000)
 Metaspace       used 85215K, capacity 88692K, committed 89008K, reserved 1126400K
  class space    used 11124K, capacity 11861K, committed 11952K, reserved 1048576K
}
Event: 1380,374 GC heap before
{Heap before GC invocations=25 (full 3):
 PSYoungGen      total 295936K, used 276941K [0x00000000e0000000, 0x00000000f7a00000, 0x0000000100000000)
  eden space 270336K, 100% used [0x00000000e0000000,0x00000000f0800000,0x00000000f0800000)
  from space 25600K, 25% used [0x00000000f0800000,0x00000000f0e73440,0x00000000f2100000)
  to   space 25088K, 0% used [0x00000000f6180000,0x00000000f6180000,0x00000000f7a00000)
 ParOldGen       total 95744K, used 38420K [0x00000000a0000000, 0x00000000a5d80000, 0x00000000e0000000)
  object space 95744K, 40% used [0x00000000a0000000,0x00000000a25853c8,0x00000000a5d80000)
 Metaspace       used 87733K, capacity 91332K, committed 91568K, reserved 1128448K
  class space    used 11335K, capacity 12091K, committed 12208K, reserved 1048576K
Event: 1380,591 GC heap after
Heap after GC invocations=25 (full 3):
 PSYoungGen      total 344576K, used 10502K [0x00000000e0000000, 0x00000000f7000000, 0x0000000100000000)
  eden space 329728K, 0% used [0x00000000e0000000,0x00000000e0000000,0x00000000f4200000)
  from space 14848K, 70% used [0x00000000f6180000,0x00000000f6bc1be0,0x00000000f7000000)
  to   space 23552K, 0% used [0x00000000f4200000,0x00000000f4200000,0x00000000f5900000)
 ParOldGen       total 95744K, used 38644K [0x00000000a0000000, 0x00000000a5d80000, 0x00000000e0000000)
  object space 95744K, 40% used [0x00000000a0000000,0x00000000a25bd3d8,0x00000000a5d80000)
 Metaspace       used 87733K, capacity 91332K, committed 91568K, reserved 1128448K
  class space    used 11335K, capacity 12091K, committed 12208K, reserved 1048576K
}
Event: 1384,101 GC heap before
{Heap before GC invocations=26 (full 3):
 PSYoungGen      total 344576K, used 340230K [0x00000000e0000000, 0x00000000f7000000, 0x0000000100000000)
  eden space 329728K, 100% used [0x00000000e0000000,0x00000000f4200000,0x00000000f4200000)
  from space 14848K, 70% used [0x00000000f6180000,0x00000000f6bc1be0,0x00000000f7000000)
  to   space 23552K, 0% used [0x00000000f4200000,0x00000000f4200000,0x00000000f5900000)
 ParOldGen       total 95744K, used 38644K [0x00000000a0000000, 0x00000000a5d80000, 0x00000000e0000000)
  object space 95744K, 40% used [0x00000000a0000000,0x00000000a25bd3d8,0x00000000a5d80000)
 Metaspace       used 88325K, capacity 91982K, committed 92336K, reserved 1130496K
  class space    used 11356K, capacity 12098K, committed 12208K, reserved 1048576K

